Testy.obj : error LNK2019: nierozpoznany symbol zewnętrzny "public: __thiscall Data::Data(void)" (??0Data@@QAE@XZ) przywołany w funkcji "public: __thiscall Osoba::Osoba(class std::basic_string<char,struct std::char_traits<char>,class std::allocator<char> >,class std::basic_string<char,struct std::char_traits<char>,class std::allocator<char> >)" (??0Osoba@@QAE@V?$basic_string@DU?$char_traits@D@std@@V?$allocator@D@2@@std@@0@Z)
Testy.obj : error LNK2019: nierozpoznany symbol zewnętrzny "public: __thiscall Data::Data(int,int,int)" (??0Data@@QAE@HHH@Z) przywołany w funkcji "public: void __thiscall Osoba::setDataUrodzenia(int,int,int)" (?setDataUrodzenia@Osoba@@QAEXHHH@Z)
C:\Users\mimo\Desktop\IO_Projekt\ProjektBiblioteka_Studia\Solution\Debug\Testy.dll : fatal error LNK1120: liczba nierozpoznanych elementów zewnętrznych: 2
